<?xml version="1.0" encoding="UTF-8"?>
<!-- Generated by org.testng.reporters.JUnitReportReporter -->
<testsuite hostname="LAPTOP-BSQS4KBS" failures="0" tests="3" name="DynamicJsonParam" time="2.168" errors="0" timestamp="2023-03-04T19:28:14 IST" skipped="0">
  <testcase classname="DynamicJsonParam" name="updateBook" time="0.269"/>
  <system-out/>
  <testcase classname="DynamicJsonParam" name="updateBook" time="0.271"/>
  <system-out/>
  <testcase classname="DynamicJsonParam" name="updateBook" time="1.628"/>
  <system-out/>
</testsuite> <!-- DynamicJsonParam -->
